open source     > level 1, order 1, name '/usr/local/texlive/2022/texmf-dist/tex/context/base/mkiv/cont-yes.mkiv'
system          > 
system          > ConTeXt  ver: 2021.03.05 19:11 MKIV  fmt: 2022.12.5  int: english/english
system          > 
system          > 'cont-new.mkiv' loaded
open source     > level 2, order 2, name '/usr/local/texlive/2022/texmf-dist/tex/context/base/mkiv/cont-new.mkiv'
system          > beware: some patches loaded from cont-new.mkiv
close source    > level 2, order 2, name '/usr/local/texlive/2022/texmf-dist/tex/context/base/mkiv/cont-new.mkiv'
system          > files > jobname 'xjanovec', input './xjanovec', result 'xjanovec'
fonts           > latin modern fonts are not preloaded
languages       > language 'en' is active
system          > synctex functionality is enabled, expect 5-10 pct runtime overhead!
open source     > level 2, order 3, name '/Users/the_honzic/Desktop/bakalarska_prace_xjanovec/Bakal†żsk† pr†ce/xjanovec.tex'
modules         > using user prefixed file 'ctx-thesis-v0.971'
modules         > 'ctx-thesis-v0.971' is loaded
interface       > macros > processed mkvi file 'ctx-thesis-v0.971.tex', delta 742
interface       > macros > processed mkvi file 'ctx-thesis-v0.971.tex', delta 0
open source     > level 3, order 4, name 'ctx-thesis-v0.971.tex'
modules         > 'database' is loaded
open source     > level 4, order 5, name '/usr/local/texlive/2022/texmf-dist/tex/context/modules/mkiv/m-database.mkiv'
resolvers       > lua > loading file '/usr/local/texlive/2022/texmf-dist/tex/context/modules/mkiv/m-database.lua' succeeded
close source    > level 4, order 5, name '/usr/local/texlive/2022/texmf-dist/tex/context/modules/mkiv/m-database.mkiv'
colors          > 'cmyk' color space is supported
open source     > level 4, order 6, name '/usr/local/texlive/2022/texmf-dist/tex/context/fonts/mkiv/type-imp-libertinus.mkiv'
close source    > level 4, order 6, name '/usr/local/texlive/2022/texmf-dist/tex/context/fonts/mkiv/type-imp-libertinus.mkiv'
close source    > level 3, order 6, name 'ctx-thesis-v0.971.tex'
modules         > using user prefixed file 'bib.sty-v2.73'
modules         > 'bib.sty-v2.73' is loaded
open source     > level 3, order 7, name 'bib.sty-v2.73.tex'
close source    > level 3, order 7, name 'bib.sty-v2.73.tex'
check           > missing or ungrouped '=' after ''' in line '22 (THESIS)'
backend         > profiles > error, format 'pdf/a-2a:2005' is not supported
fonts           > bodyfont '12dd' is defined (can better be done global)
fonts           > bodyfont '15.41pt' is defined (can better be done global)
fonts           > bodyfont '10.27pt' is defined (can better be done global)
fonts           > bodyfont '12.84pt' is defined (can better be done global)
structures      > begin of sectionblock 'frontpart'
structures      > begin of sectionblock 'frontpart'
open source     > level 3, order 8, name '/usr/local/texlive/2022/texmf-dist/tex/context/base/mkiv/page-run.mkiv'
loading         > ConTeXt Page Macros / Runtime Macros
resolvers       > lua > loading file '/usr/local/texlive/2022/texmf-dist/tex/context/base/mkiv/page-run.lua' succeeded
close source    > level 3, order 8, name '/usr/local/texlive/2022/texmf-dist/tex/context/base/mkiv/page-run.mkiv'
interface       > initialization > loading interface definitions from 'mult-def.lua'
interface       > initialization > loading interface messages from 'mult-mes.lua'
layout          > paperheight                  845.0468pt      29.7000cm
layout          > paperwidth                   597.5079pt      21.0000cm
layout          > printpaperheight             845.0468pt      29.7000cm
layout          > printpaperwidth              597.5079pt      21.0000cm
layout          > topspace                      71.1255pt       2.4998cm
layout          > backspace                     71.1328pt       2.5000cm
layout          > makeupheight                 711.3191pt      25.0000cm
layout          > makeupwidth                  426.7874pt      14.9999cm
layout          > topheight                      0.0000pt       0.0000cm
layout          > topdistance                    0.0000pt       0.0000cm
layout          > headerheight                  56.9029pt       1.9999cm
layout          > headerdistance                 0.0000pt       0.0000cm
layout          > textheight                   597.5132pt      21.0002cm
layout          > footerdistance                 0.0000pt       0.0000cm
layout          > footerheight                  56.9029pt       1.9999cm
layout          > bottomdistance                 0.0000pt       0.0000cm
layout          > bottomheight                   0.0000pt       0.0000cm
layout          > leftedgewidth                  0.0000pt       0.0000cm
layout          > leftedgedistance               0.0000pt       0.0000cm
layout          > leftmarginwidth               75.5820pt       2.6564cm
layout          > leftmargindistance            11.9983pt       0.4217cm
layout          > textwidth                    426.7874pt      14.9999cm
layout          > rightmargindistance           11.9983pt       0.4217cm
layout          > rightmarginwidth              75.5820pt       2.6564cm
layout          > rightedgedistance              0.0000pt       0.0000cm
layout          > rightedgewidth                 0.0000pt       0.0000cm
layout          > bodyfontsize                  12.8400pt       0.4513cm
layout          > lineheight                    15.4146pt       0.5418cm
fonts           > bodyfont '2cc' is defined (can better be done global)
fonts           > bodyfont '30.82pt' is defined (can better be done global)
fonts           > bodyfont '20.54pt' is defined (can better be done global)
fonts           > bodyfont '25.68pt' is defined (can better be done global)
layouts         > gridmode, noflines: 39, textheight: 597.51323pt, textovershoot: 3.65544pt (maybe set number of lines instead)
backend         > xmp > using file '/usr/local/texlive/2022/texmf-dist/tex/context/base/mkiv/lpdf-pdx.xml'
pages           > flushing realpage 1, userpage 1, subpage 1
pages           > flushing realpage 2, userpage 2, subpage 2
pages           > flushing realpage 3, userpage 3, subpage 3
pages           > flushing realpage 4, userpage 4, subpage 4
pages           > flushing realpage 5, userpage 5, subpage 5
structure       > sectioning > title @ level 2 : 0.0 -> \headtext {obsah}
pages           > flushing realpage 6, userpage 6, subpage 6
structures      > end of sectionblock 'frontpart'
pages           > flushing realpage 7, userpage 7, subpage 7
structures      > end of sectionblock 'frontpart'
structures      > begin of sectionblock 'bodypart'
structure       > sectioning > kap @ level 2 : 0.1 -> Úvod
structure       > sectioning > pkap @ level 3 : 0.1.1 -> Úvod do problematiky
pages           > flushing realpage 8, userpage 8, subpage 8
structure       > sectioning > pkap @ level 3 : 0.1.2 -> Cíl práce
pages           > flushing realpage 9, userpage 9, subpage 9
structure       > sectioning > kap @ level 2 : 0.2 -> Literární rešerše
structure       > sectioning > pkap @ level 3 : 0.2.1 -> Porovnání technologií pro vývoj iOS
structure       > sectioning > pkapx @ level 3 : 0.2.1 -> Xcode a Swift
structure       > sectioning > pkapx @ level 3 : 0.2.1 -> Frameworky pro tvorbu uživatelského prostředí
structure       > sectioning > ppkapx @ level 4 : 0.2.1.0 -> UIKit
structure       > sectioning > ppkapx @ level 4 : 0.2.1.0 -> SnapKit
structure       > sectioning > ppkapx @ level 4 : 0.2.1.0 -> SwiftUI
pages           > flushing realpage 10, userpage 10, subpage 10
structure       > sectioning > ppkapx @ level 4 : 0.2.1.0 -> Srovnání UIkit a SwiftUI
structure       > sectioning > pkapx @ level 3 : 0.2.1 -> Síťová komunikace
structure       > sectioning > pkapx @ level 3 : 0.2.1 -> Persistence dat
structure       > sectioning > ppkapx @ level 4 : 0.2.1.0 -> CoreData
structure       > sectioning > ppkapx @ level 4 : 0.2.1.0 -> Realm
structure       > sectioning > ppkapx @ level 4 : 0.2.1.0 -> Firebase
structure       > sectioning > pkapx @ level 3 : 0.2.1 -> Práce s mapou
structure       > sectioning > ppkapx @ level 4 : 0.2.1.0 -> MapKit
structure       > sectioning > ppkapx @ level 4 : 0.2.1.0 -> ArcGIS
structure       > sectioning > ppkapx @ level 4 : 0.2.1.0 -> Google Maps SDK
pages           > flushing realpage 11, userpage 11, subpage 11
structure       > sectioning > ppkapx @ level 4 : 0.2.1.0 -> MapBox
structure       > sectioning > pkapx @ level 3 : 0.2.1 -> Testování
structure       > sectioning > ppkapx @ level 4 : 0.2.1.0 -> Unit testy
structure       > sectioning > ppkapx @ level 4 : 0.2.1.0 -> UI testy
structure       > sectioning > pkapx @ level 3 : 0.2.1 -> Chatbot
structure       > sectioning > pkap @ level 3 : 0.2.2 -> Aplikace pro podporu migrantů
structure       > sectioning > pkapx @ level 3 : 0.2.2 -> Praguer
pages           > flushing realpage 12, userpage 12, subpage 12
floatblocks     > '1' placed (top)
structure       > sectioning > pkapx @ level 3 : 0.2.2 -> Findhello
pages           > flushing realpage 13, userpage 13, subpage 13
structure       > sectioning > pkapx @ level 3 : 0.2.2 -> RefAid
structure       > sectioning > pkapx @ level 3 : 0.2.2 -> Ankommen
pages           > flushing realpage 14, userpage 14, subpage 14
structure       > sectioning > pkapx @ level 3 : 0.2.2 -> Welcome App (Welcome to Germany)
structure       > sectioning > pkapx @ level 3 : 0.2.2 -> Salaam

Overfull \hbox (8.04047pt too wide) in paragraph at lines 179--179
[][]<5: libertinusserif-regular @ 12.84pt> Tady jsem na-šel toto: https://apps.ap-ple.com/cz/app/sa-lams--where--mus-lims-

\hbox(11.09851+4.31607)x384.40312, glue set - 1.0, direction TLT
.\localpar
..\localinterlinepenalty=0
..\localbrokenpenalty=0
..\localleftbox=null
..\localrightbox=null
.\begindir TLT
.\hbox(0.0+0.0)x0.0, direction TLT
.\hbox(11.09851+4.31607)x0.0, direction TLT
.<5: libertinusserif-regular @ 12.84pt> T
.etc.

structure       > sectioning > pkapx @ level 3 : 0.2.2 -> Lawfully
pages           > flushing realpage 15, userpage 15, subpage 15
pages           > flushing realpage 16, userpage 16, subpage 16
structure       > sectioning > kap @ level 2 : 0.3 -> Metodika
structure       > sectioning > pkap @ level 3 : 0.3.1 -> Obsah a funkcionalita aplikace
structure       > sectioning > pkap @ level 3 : 0.3.2 -> Architektura a použité nástroje
pages           > flushing realpage 17, userpage 17, subpage 17
structure       > sectioning > kap @ level 2 : 0.4 -> Výsledky
floatblocks     > '2' placed (top)
floatblocks     > '3' placed (top)
pages           > flushing realpage 18, userpage 18, subpage 18
structure       > sectioning > kap @ level 2 : 0.5 -> Diskuse
pages           > flushing realpage 19, userpage 19, subpage 19
structure       > sectioning > kap @ level 2 : 0.6 -> Závěr
pages           > flushing realpage 20, userpage 20, subpage 20
structure       > sectioning > BIBSTYchapter @ level 2 : 0.7 -> \refname 
structures      > end of sectionblock 'bodypart'
pages           > flushing realpage 21, userpage 21, subpage 21
structures      > begin of sectionblock 'backpart'
structure       > sectioning > kap @ level 2 : 0.1 -> \headtext {tables}
pages           > flushing realpage 22, userpage 22, subpage 22
structure       > sectioning > kap @ level 2 : 0.2 -> \headtext {figures}
pages           > flushing realpage 23, userpage 23, subpage 23
structure       > sectioning > kap @ level 2 : 0.3 -> \headtext {abbreviations}
pages           > flushing realpage 24, userpage 24, subpage 24
structure       > sectioning > kap @ level 2 : 0.4 -> \headtext {codes}
structures      > end of sectionblock 'backpart'
pages           > flushing realpage 25, userpage 25, subpage 25
structures      > begin of sectionblock 'appendix'
structure       > sectioning > partpage @ level 2 : 0.0 -> \uppercase {Přílohy}
pages           > flushing realpage 26, userpage 26, subpage 26
structures      > end of sectionblock 'appendix'
close source    > level 2, order 8, name '/Users/the_honzic/Desktop/bakalarska_prace_xjanovec/Bakal†żsk† pr†ce/xjanovec.tex'
system          > invalid \starttext ... \stoptext structure
close source    > level 1, order 8, name '/usr/local/texlive/2022/texmf-dist/tex/context/base/mkiv/cont-yes.mkiv'

system          > start used files

system          > text: xjanovec

system          > stop used files


system          > start used files

system          >    1: filename=char-prv.lua filetype=tex format=tex foundname=/usr/local/texlive/2022/texmf-dist/tex/context/base/mkiv/char-prv.lua fullname=/usr/local/texlive/2022/texmf-dist/tex/context/base/mkiv/char-prv.lua usedmethod=database
system          >    2: filename=cont-yes.mkiv filetype=tex foundname=/usr/local/texlive/2022/texmf-dist/tex/context/base/mkiv/cont-yes.mkiv fullname=/usr/local/texlive/2022/texmf-dist/tex/context/base/mkiv/cont-yes.mkiv usedmethod=database
system          >    3: filename=publ-imp-default.lua filetype=lua foundname=/usr/local/texlive/2022/texmf-dist/tex/context/base/mkiv/publ-imp-default.lua fullname=/usr/local/texlive/2022/texmf-dist/tex/context/base/mkiv/publ-imp-default.lua usedmethod=database
system          >    4: filename=cont-new.mkiv filetype=tex foundname=/usr/local/texlive/2022/texmf-dist/tex/context/base/mkiv/cont-new.mkiv fullname=/usr/local/texlive/2022/texmf-dist/tex/context/base/mkiv/cont-new.mkiv usedmethod=database
system          >    5: filename=lang-exc.lua filetype=lua foundname=/usr/local/texlive/2022/texmf-dist/tex/context/base/mkiv/lang-exc.lua fullname=/usr/local/texlive/2022/texmf-dist/tex/context/base/mkiv/lang-exc.lua usedmethod=database
system          >    6: filename=lang-us.lua filetype=lua foundname=/usr/local/texlive/2022/texmf-dist/tex/context/patterns/mkiv/lang-us.lua fullname=/usr/local/texlive/2022/texmf-dist/tex/context/patterns/mkiv/lang-us.lua usedmethod=database
system          >    7: filename=/Users/the_honzic/Desktop/bakalarska_prace_xjanovec/Bakal†żsk† pr†ce/xjanovec.tex foundname=/Users/the_honzic/Desktop/bakalarska_prace_xjanovec/Bakal†żsk† pr†ce/xjanovec.tex fullname=/Users/the_honzic/Desktop/bakalarska_prace_xjanovec/Bakal†żsk† pr†ce/xjanovec.tex usedmethod=direct
system          >    8: filename=ctx-thesis-v0.971 filetype=tex foundname=ctx-thesis-v0.971.tex fullname=/Users/the_honzic/Desktop/bakalarska_prace_xjanovec/Bakal†żsk† pr†ce/ctx-thesis-v0.971.tex usedmethod=filesystem
system          >    9: filename=m-database.mkiv filetype=tex foundname=/usr/local/texlive/2022/texmf-dist/tex/context/modules/mkiv/m-database.mkiv fullname=/usr/local/texlive/2022/texmf-dist/tex/context/modules/mkiv/m-database.mkiv usedmethod=database
system          >   10: filename=m-database.lua filetype=tex format=tex foundname=/usr/local/texlive/2022/texmf-dist/tex/context/modules/mkiv/m-database.lua fullname=/usr/local/texlive/2022/texmf-dist/tex/context/modules/mkiv/m-database.lua usedmethod=database
system          >   11: filename=lang-cs.lua filetype=lua foundname=/usr/local/texlive/2022/texmf-dist/tex/context/patterns/mkiv/lang-cs.lua fullname=/usr/local/texlive/2022/texmf-dist/tex/context/patterns/mkiv/lang-cs.lua usedmethod=database
system          >   12: filename=lang-sk.lua filetype=lua foundname=/usr/local/texlive/2022/texmf-dist/tex/context/patterns/mkiv/lang-sk.lua fullname=/usr/local/texlive/2022/texmf-dist/tex/context/patterns/mkiv/lang-sk.lua usedmethod=database
system          >   13: filename=lang-gb.lua filetype=lua foundname=/usr/local/texlive/2022/texmf-dist/tex/context/patterns/mkiv/lang-gb.lua fullname=/usr/local/texlive/2022/texmf-dist/tex/context/patterns/mkiv/lang-gb.lua usedmethod=database
system          >   14: filename=type-imp-libertinus.mkiv filetype=tex foundname=/usr/local/texlive/2022/texmf-dist/tex/context/fonts/mkiv/type-imp-libertinus.mkiv fullname=/usr/local/texlive/2022/texmf-dist/tex/context/fonts/mkiv/type-imp-libertinus.mkiv usedmethod=database
system          >   15: filename=libertinusserif-regular filetype=otf format=otf foundname=/usr/local/texlive/2022/texmf-dist/fonts/opentype/public/libertinus-fonts/LibertinusSerif-Regular.otf fullname=/usr/local/texlive/2022/texmf-dist/fonts/opentype/public/libertinus-fonts/LibertinusSerif-Regular.otf usedmethod=database
system          >   16: filename=libertinusmath-regular.otf filetype=otf format=otf foundname=/usr/local/texlive/2022/texmf-dist/fonts/opentype/public/libertinus-fonts/LibertinusMath-Regular.otf fullname=/usr/local/texlive/2022/texmf-dist/fonts/opentype/public/libertinus-fonts/LibertinusMath-Regular.otf usedmethod=database
system          >   17: filename=bib.sty-v2.73 filetype=tex foundname=bib.sty-v2.73.tex fullname=/Users/the_honzic/Desktop/bakalarska_prace_xjanovec/Bakal†żsk† pr†ce/bib.sty-v2.73.tex usedmethod=filesystem
system          >   18: filename=page-run.mkiv filetype=tex foundname=/usr/local/texlive/2022/texmf-dist/tex/context/base/mkiv/page-run.mkiv fullname=/usr/local/texlive/2022/texmf-dist/tex/context/base/mkiv/page-run.mkiv usedmethod=database
system          >   19: filename=page-run.lua filetype=tex format=tex foundname=/usr/local/texlive/2022/texmf-dist/tex/context/base/mkiv/page-run.lua fullname=/usr/local/texlive/2022/texmf-dist/tex/context/base/mkiv/page-run.lua usedmethod=database
system          >   20: filename=mult-def.lua filetype=lua foundname=/usr/local/texlive/2022/texmf-dist/tex/context/base/mkiv/mult-def.lua fullname=/usr/local/texlive/2022/texmf-dist/tex/context/base/mkiv/mult-def.lua usedmethod=database
system          >   21: filename=mult-mes.lua filetype=lua foundname=/usr/local/texlive/2022/texmf-dist/tex/context/base/mkiv/mult-mes.lua fullname=/usr/local/texlive/2022/texmf-dist/tex/context/base/mkiv/mult-mes.lua usedmethod=database
system          >   22: filename=libertinusserif-bold filetype=otf format=otf foundname=/usr/local/texlive/2022/texmf-dist/fonts/opentype/public/libertinus-fonts/LibertinusSerif-Bold.otf fullname=/usr/local/texlive/2022/texmf-dist/fonts/opentype/public/libertinus-fonts/LibertinusSerif-Bold.otf usedmethod=database
system          >   23: filename=pdftex.map filetype=map format=map foundname=/usr/local/texlive/2022/texmf-var/fonts/map/pdftex/updmap/pdftex.map fullname=/usr/local/texlive/2022/texmf-var/fonts/map/pdftex/updmap/pdftex.map usedmethod=database
system          >   24: filename=lpdf-pdx.xml filetype=tex foundname=/usr/local/texlive/2022/texmf-dist/tex/context/base/mkiv/lpdf-pdx.xml fullname=/usr/local/texlive/2022/texmf-dist/tex/context/base/mkiv/lpdf-pdx.xml usedmethod=database
system          >   25: filename=libertinusserif-italic filetype=otf format=otf foundname=/usr/local/texlive/2022/texmf-dist/fonts/opentype/public/libertinus-fonts/LibertinusSerif-Italic.otf fullname=/usr/local/texlive/2022/texmf-dist/fonts/opentype/public/libertinus-fonts/LibertinusSerif-Italic.otf usedmethod=database
system          >   26: filename=img/praguer.png format=tex foundname=img/praguer.png fullname=/Users/the_honzic/Desktop/bakalarska_prace_xjanovec/Bakal†żsk† pr†ce/img/praguer.png usedmethod=direct
system          >   27: filename=libertinusmono-regular filetype=otf format=otf foundname=/usr/local/texlive/2022/texmf-dist/fonts/opentype/public/libertinus-fonts/LibertinusMono-Regular.otf fullname=/usr/local/texlive/2022/texmf-dist/fonts/opentype/public/libertinus-fonts/LibertinusMono-Regular.otf usedmethod=database

system          > stop used files


system          > start commandline options

system          > autogenerate="true"
system          > currentrun="1"
system          > fulljobname="./xjanovec.tex"
system          > input="./xjanovec.tex"
system          > kindofrun="1"
system          > maxnofruns="9"
system          > synctex="1"
system          > texmfbinpath="/usr/local/texlive/2022/bin/universal-darwin"

system          > stop commandline options


system          > start commandline files

system          >    1: ./xjanovec.tex

system          > stop commandline files


modules         > start used modules

modules         > loaded : *-bib.sty-v2.73
modules         > loaded : *-ctx-thesis-v0.971
modules         > loaded : *-database

modules         > stop used modules


mkiv lua stats  > used config file: selfautoparent:/texmfcnf.lua;selfautoparent:/texmf-dist/web2c/texmfcnf.lua
mkiv lua stats  > used cache path: readable+writable: '/var/folders/2n/jy6t5__d7j38sn65frm74jlw0000gn/T/luatex-cache/context/a86c089b384a3076dc514ba966a1fac9'
mkiv lua stats  > resource resolver: loadtime 0.046 seconds, 0 scans with scantime 0.000 seconds, 0 shared scans, 27 found files, scanned paths: <none>
mkiv lua stats  > stored bytecode data: 454 modules (0.125 sec), 96 tables (0.005 sec), 550 chunks (0.130 sec)
mkiv lua stats  > traced context: maxstack: 1424, freed: 0, unreachable: 1424
mkiv lua stats  > cleaned up reserved nodes: 61 nodes, 10 lists of 442
mkiv lua stats  > node memory usage: 160 attribute, 29 attribute_list, 10 dir, 6 glue, 55 glue_spec, 3 kern, 5 penalty, 2 shape, 2 temp, 2 user_defined
mkiv lua stats  > node list callback tasks: 8 unique task lists, 8 instances (re)created, 2463 calls
mkiv lua stats  > h-node processing time: 0.021 seconds including kernel
mkiv lua stats  > synctex tracing: 4 referenced files, 7 files ignored, 567 objects flushed, logfile: xjanovec.synctex
mkiv lua stats  > driver time: 0.074 seconds 
mkiv lua stats  > used backend: pdf (backend for directly generating pdf output)
mkiv lua stats  > jobdata time: 0.002 seconds saving, 0.001 seconds loading
mkiv lua stats  > callbacks: internal: 5551, file: 3376, direct: 93, late: 569, function 2549, total: 12138 (467 per page)
mkiv lua stats  > randomizer: resumed with value 0.36685180664062
mkiv lua stats  > loaded tex modules: 3 requested, all found (*-bib.sty-v2.73 *-ctx-thesis-v0.971 *-database)
mkiv lua stats  > result saved in file: xjanovec.pdf, compresslevel 3, objectcompresslevel 1
mkiv lua stats  > loaded patterns: cs::16 en::1 en-gb:en:13 sk::17, load time: 0.000
mkiv lua stats  > interactive elements: 0 references, 1 destinations
mkiv lua stats  > loaded fonts: 5 files: libertinusmath-regular.otf, libertinusmono-regular.otf, libertinusserif-bold.otf, libertinusserif-italic.otf, libertinusserif-regular.otf
mkiv lua stats  > font engine: otf 3.113, afm 1.513, tfm 1.000, 24 instances, 18 shared in backend, 2 common vectors, 16 common hashes, load time 0.102 seconds 
mkiv lua stats  > body font sizes: defined: 10pt 11pt 12pt 14.4pt 17.3pt 18.19pt 20.7pt 4pt 5pt 6pt 7pt 8pt 9pt, undefined: 10.27pt 12.84pt 12dd 15.41pt 20.54pt 25.68pt 2cc 30.82pt
mkiv lua stats  > graphics processing time: 0.006 seconds including tex, 3 processed images, 2 unique asked, 0 bad names
mkiv lua stats  > used platform: osx-ppc, type: unix, binary subtree: bin
mkiv lua stats  > used engine: luatex version: 1.15, functionality level: 7509, banner: this is luatex, version 1.15.0 (tex live 2022)
mkiv lua stats  > used hash slots: 49789 of 65536 + 200000
mkiv lua stats  > lua properties: engine: lua 5.3, used memory: 169 MB, ctx: 169 MB, max: unknown MB, hash chars: min(64,40), symbol mask: utf (τεχ)
mkiv lua stats  > runtime: 0.517 seconds, 26 processed pages, 26 shipped pages, 50.290 pages/second

